Removed Pin From Net: NetName=3V3 Pin=C2-1
Removed Pin From Net: NetName=3V3 Pin=C7-1
Removed Pin From Net: NetName=3V3 Pin=C9-2
Removed Pin From Net: NetName=3V3 Pin=C12-1
Removed Pin From Net: NetName=3V3 Pin=J2-5
Removed Pin From Net: NetName=3V3 Pin=R6-2
Removed Pin From Net: NetName=3V3 Pin=R8-2
Removed Pin From Net: NetName=3V3 Pin=R9-2
Removed Pin From Net: NetName=3V3 Pin=R13-1
Removed Pin From Net: NetName=3V3 Pin=U1-4
Removed Pin From Net: NetName=3V3 Pin=U1-14
Removed Pin From Net: NetName=3V3 Pin=U1-31
Removed Pin From Net: NetName=3V3 Pin=U2-4
Removed Pin From Net: NetName=3V3 Pin=U3-6
Removed Pin From Net: NetName=3V3 Pin=U4-2
Removed Pin From Net: NetName=3V3 Pin=U4-7
Added Pin To Net: NetName=NetC10_2 Pin=C2-1
Added Pin To Net: NetName=NetC10_2 Pin=C7-1
Added Pin To Net: NetName=NetC10_2 Pin=C9-2
Added Pin To Net: NetName=NetC10_2 Pin=C12-1
Added Pin To Net: NetName=NetC10_2 Pin=J2-5
Added Pin To Net: NetName=NetC10_2 Pin=R6-2
Added Pin To Net: NetName=NetC10_2 Pin=R8-2
Added Pin To Net: NetName=NetC10_2 Pin=R9-2
Added Pin To Net: NetName=NetC10_2 Pin=R13-1
Added Pin To Net: NetName=NetC10_2 Pin=U1-4
Added Pin To Net: NetName=NetC10_2 Pin=U1-14
Added Pin To Net: NetName=NetC10_2 Pin=U1-31
Added Pin To Net: NetName=NetC10_2 Pin=U2-4
Added Pin To Net: NetName=NetC10_2 Pin=U3-6
Added Pin To Net: NetName=NetC10_2 Pin=U4-2
Added Pin To Net: NetName=NetC10_2 Pin=U4-7
Change Net Name : Old Net Name=3V3 New Net Name=GND
Change Net Name : Old Net Name=NetC10_2 New Net Name=3V3
